#
# There is insufficient memory for the Java Runtime Environment to continue.
# Native memory allocation (mmap) failed to map 67108864 bytes for G1 virtual space
# Possible reasons:
#   The system is out of physical RAM or swap space
#   The process is running with CompressedOops enabled, and the Java Heap may be blocking the growth of the native heap
# Possible solutions:
#   Reduce memory load on the system
#   Increase physical memory or swap space
#   Check if swap backing store is full
#   Decrease Java heap size (-Xmx/-Xms)
#   Decrease number of Java threads
#   Decrease Java thread stack sizes (-Xss)
#   Set larger code cache with -XX:ReservedCodeCacheSize=
#   JVM is running with Unscaled Compressed Oops mode in which the Java heap is
#     placed in the first 4GB address space. The Java Heap base address is the
#     maximum limit for the native heap growth. Please use -XX:HeapBaseMinAddress
#     to set the Java Heap base and to place the Java Heap above 4GB virtual address.
# This output file may be truncated or incomplete.
#
#  Out of Memory Error (os_windows.cpp:3552), pid=12688, tid=2008
#
# JRE version:  (17.0.9+11) (build )
# Java VM: Java HotSpot(TM) 64-Bit Server VM (17.0.9+11-LTS-201, mixed mode, sharing, tiered, compressed oops, compressed class ptrs, g1 gc, windows-amd64)
# No core dump will be written. Minidumps are not enabled by default on client versions of Windows
#

---------------  S U M M A R Y ------------

Command Line: -Dfile.encoding=UTF-8 --module-path=D:\Users\STZ\Documents\NetBeansProjects\ArtGalleryManagement\build\classes view.VArtistHome

Host: Intel(R) Core(TM) i3-8145U CPU @ 2.10GHz, 4 cores, 3G,  Windows 11 , 64 bit Build 22621 (10.0.22621.2428)
Time: Wed Nov 15 01:31:11 2023 Sri Lanka Standard Time elapsed time: 0.030510 seconds (0d 0h 0m 0s)

---------------  T H R E A D  ---------------

Current thread (0x0000018968fa9420):  JavaThread "Unknown thread" [_thread_in_vm, id=2008, stack(0x0000007d57300000,0x0000007d57400000)]

Stack: [0x0000007d57300000,0x0000007d57400000]
Native frames: (J=compiled Java code, j=interpreted, Vv=VM code, C=native code)
V  [jvm.dll+0x678a4a]
V  [jvm.dll+0x7d9cfd]
V  [jvm.dll+0x7db60e]
V  [jvm.dll+0x7dbc73]
V  [jvm.dll+0x245e1f]
V  [jvm.dll+0x6758f9]
V  [jvm.dll+0x66a2a2]
V  [jvm.dll+0x303686]
V  [jvm.dll+0x30ac06]
V  [jvm.dll+0x35a48e]
V  [jvm.dll+0x35a6bf]
V  [jvm.dll+0x2da678]
V  [jvm.dll+0x2db5e4]
V  [jvm.dll+0x7ab6b1]
V  [jvm.dll+0x368041]
V  [jvm.dll+0x78a749]
V  [jvm.dll+0x3ebd4f]
V  [jvm.dll+0x3ed7d1]
C  [jli.dll+0x5297]
C  [ucrtbase.dll+0x29363]
C  [KERNEL32.DLL+0x1257d]
C  [ntdll.dll+0x5aa78]


---------------  P R O C E S S  ---------------

Threads class SMR info:
_java_thread_list=0x00007ffe598b89d8, length=0, elements={
}

Java Threads: ( => current thread )

Other Threads:
  0x0000018968fe48c0 GCTaskThread "GC Thread#0" [stack: 0x0000007d57400000,0x0000007d57500000] [id=7456]
  0x0000018968fed490 ConcurrentGCThread "G1 Main Marker" [stack: 0x0000007d57500000,0x0000007d57600000] [id=9192]
  0x0000018968fee640 ConcurrentGCThread "G1 Conc#0" [stack: 0x0000007d57600000,0x0000007d57700000] [id=2792]

[error occurred during error reporting (printing all threads), id 0xc0000005, EXCEPTION_ACCESS_VIOLATION (0xc0000005) at pc=0x00007ffe590eb2d7]

VM state: not at safepoint (not fully initialized)

VM Mutex/Monitor currently owned by a thread:  ([mutex/lock_event])
[0x0000018968fa7340] Heap_lock - owner thread: 0x0000018968fa9420

Heap address: 0x00000000c1c00000, size: 996 MB, Compressed Oops mode: 32-bit

CDS archive(s) mapped at: [0x0000000000000000-0x0000000000000000-0x0000000000000000), size 0, SharedBaseAddress: 0x0000000800000000, ArchiveRelocationMode: 1.
Narrow klass base: 0x0000000000000000, Narrow klass shift: 0, Narrow klass range: 0x0

GC Precious Log:
<Empty>

Heap:
 garbage-first heap   total 0K, used 0K [0x00000000c1c00000, 0x0000000100000000)
  region size 1024K, 0 young (0K), 0 survivors (0K)

[error occurred during error reporting (printing heap information), id 0xc0000005, EXCEPTION_ACCESS_VIOLATION (0xc0000005) at pc=0x00007ffe594d2229]

GC Heap History (0 events):
No events

Deoptimization events (0 events):
No events

Classes unloaded (0 events):
No events

Classes redefined (0 events):
No events

Internal exceptions (0 events):
No events

VM Operations (0 events):
No events

Events (1 events):
Event: 0.017 Loaded shared library C:\Program Files\Java\jdk-17\bin\java.dll


Dynamic libraries:
0x00007ff668930000 - 0x00007ff668940000 	C:\Program Files\Java\jdk-17\bin\java.exe
0x00007ffecfdb0000 - 0x00007ffecffc7000 	C:\WINDOWS\SYSTEM32\ntdll.dll
0x00007ffeceed0000 - 0x00007ffecef94000 	C:\WINDOWS\System32\KERNEL32.DLL
0x00007ffecd480000 - 0x00007ffecd826000 	C:\WINDOWS\System32\KERNELBASE.dll
0x00007ffecd830000 - 0x00007ffecd941000 	C:\WINDOWS\System32\ucrtbase.dll
0x00007ffec7550000 - 0x00007ffec756b000 	C:\Program Files\Java\jdk-17\bin\VCRUNTIME140.dll
0x00007ffeb4ca0000 - 0x00007ffeb4cb9000 	C:\Program Files\Java\jdk-17\bin\jli.dll
0x00007ffeceff0000 - 0x00007ffecf0a0000 	C:\WINDOWS\System32\ADVAPI32.dll
0x00007ffecee20000 - 0x00007ffeceec7000 	C:\WINDOWS\System32\msvcrt.dll
0x00007ffecfb10000 - 0x00007ffecfbb6000 	C:\WINDOWS\System32\sechost.dll
0x00007ffecfc40000 - 0x00007ffecfd57000 	C:\WINDOWS\System32\RPCRT4.dll
0x00007ffeceab0000 - 0x00007ffecec5d000 	C:\WINDOWS\System32\USER32.dll
0x00007ffeb8730000 - 0x00007ffeb89c3000 	C:\WINDOWS\WinSxS\amd64_microsoft.windows.common-controls_6595b64144ccf1df_6.0.22621.2361_none_2712ced57382f843\COMCTL32.dll
0x00007ffecdae0000 - 0x00007ffecdb06000 	C:\WINDOWS\System32\win32u.dll
0x00007ffecf980000 - 0x00007ffecf9a9000 	C:\WINDOWS\System32\GDI32.dll
0x00007ffecd130000 - 0x00007ffecd248000 	C:\WINDOWS\System32\gdi32full.dll
0x00007ffecd9d0000 - 0x00007ffecda6a000 	C:\WINDOWS\System32\msvcp_win.dll
0x00007ffec65c0000 - 0x00007ffec65ca000 	C:\WINDOWS\SYSTEM32\VERSION.dll
0x00007ffecf940000 - 0x00007ffecf971000 	C:\WINDOWS\System32\IMM32.DLL
0x00007ffec7910000 - 0x00007ffec791c000 	C:\Program Files\Java\jdk-17\bin\vcruntime140_1.dll
0x00007ffeb0420000 - 0x00007ffeb04ae000 	C:\Program Files\Java\jdk-17\bin\msvcp140.dll
0x00007ffe58e00000 - 0x00007ffe599e1000 	C:\Program Files\Java\jdk-17\bin\server\jvm.dll
0x00007ffecfd60000 - 0x00007ffecfd68000 	C:\WINDOWS\System32\PSAPI.DLL
0x00007ffec6830000 - 0x00007ffec6864000 	C:\WINDOWS\SYSTEM32\WINMM.dll
0x00007ffec84d0000 - 0x00007ffec84d9000 	C:\WINDOWS\SYSTEM32\WSOCK32.dll
0x00007ffecdb10000 - 0x00007ffecdb81000 	C:\WINDOWS\System32\WS2_32.dll
0x00007ffecc110000 - 0x00007ffecc128000 	C:\WINDOWS\SYSTEM32\kernel.appcore.dll
0x00007ffec7540000 - 0x00007ffec754a000 	C:\Program Files\Java\jdk-17\bin\jimage.dll
0x00007ffecaad0000 - 0x00007ffecacfe000 	C:\WINDOWS\SYSTEM32\DBGHELP.DLL
0x00007ffecdb90000 - 0x00007ffecdf1a000 	C:\WINDOWS\System32\combase.dll
0x00007ffecf0a0000 - 0x00007ffecf177000 	C:\WINDOWS\System32\OLEAUT32.dll
0x00007ffea77d0000 - 0x00007ffea7802000 	C:\WINDOWS\SYSTEM32\dbgcore.DLL
0x00007ffecd950000 - 0x00007ffecd9ca000 	C:\WINDOWS\System32\bcryptPrimitives.dll
0x00007ffeb4ba0000 - 0x00007ffeb4bc5000 	C:\Program Files\Java\jdk-17\bin\java.dll

dbghelp: loaded successfully - version: 4.0.5 - missing functions: none
symbol engine: initialized successfully - sym options: 0x614 - pdb path: .;C:\Program Files\Java\jdk-17\bin;C:\WINDOWS\SYSTEM32;C:\WINDOWS\WinSxS\amd64_microsoft.windows.common-controls_6595b64144ccf1df_6.0.22621.2361_none_2712ced57382f843;C:\Program Files\Java\jdk-17\bin\server

VM Arguments:
jvm_args: -Dfile.encoding=UTF-8 --module-path=D:\Users\STZ\Documents\NetBeansProjects\ArtGalleryManagement\build\classes 
java_command: view.VArtistHome
java_class_path (initial): D:\Users\STZ\Desktop\Java CW\jar_files.zip;D:\Users\STZ\Desktop\Java CW\mysql-connector-java-8.0.17\mysql-connector-java-8.0.17;D:\Users\STZ\Desktop\Java CW\mysql-connector-java-8.0.17\mysql-connector-java-8.0.17\mysql-connector-java-8.0.17.jar;C:\Program Files\NetBeans-19\netbeans\java\modules\ext\AbsoluteLayout.jar;D:\Users\STZ\Documents\NetBeansProjects\ArtGalleryManagement\build\classes
Launcher Type: SUN_STANDARD

[Global flags]
     intx CICompilerCount                          = 3                                         {product} {ergonomic}
     uint ConcGCThreads                            = 1                                         {product} {ergonomic}
     uint G1ConcRefinementThreads                  = 4                                         {product} {ergonomic}
   size_t G1HeapRegionSize                         = 1048576                                   {product} {ergonomic}
    uintx GCDrainStackTargetSize                   = 64                                        {product} {ergonomic}
   size_t InitialHeapSize                          = 67108864                                  {product} {ergonomic}
   size_t MarkStackSize                            = 4194304                                   {product} {ergonomic}
   size_t MaxHeapSize                              = 1044381696                                {product} {ergonomic}
   size_t MinHeapDeltaBytes                        = 1048576                                   {product} {ergonomic}
   size_t MinHeapSize                              = 8388608                                   {product} {ergonomic}
    uintx NonNMethodCodeHeapSize                   = 5832780                                {pd product} {ergonomic}
    uintx NonProfiledCodeHeapSize                  = 122912730                              {pd product} {ergonomic}
    uintx ProfiledCodeHeapSize                     = 122912730                              {pd product} {ergonomic}
    uintx ReservedCodeCacheSize                    = 251658240                              {pd product} {ergonomic}
     bool SegmentedCodeCache                       = true                                      {product} {ergonomic}
   size_t SoftMaxHeapSize                          = 1044381696                             {manageable} {ergonomic}
     bool UseCompressedClassPointers               = true                           {product lp64_product} {ergonomic}
     bool UseCompressedOops                        = true                           {product lp64_product} {ergonomic}
     bool UseG1GC                                  = true                                      {product} {ergonomic}
     bool UseLargePagesIndividualAllocation        = false                                  {pd product} {ergonomic}

Logging:
Log output configuration:
 #0: stdout all=warning uptime,level,tags
 #1: stderr all=off uptime,level,tags

Environment Variables:
CLASSPATH=C:\Program Files\Java\mysql-connector-j-8.2.0.jar;
PATH=C:\Program Files\Common Files\Oracle\Java\javapath;C:\Program Files\Microsoft\jdk-11.0.16.101-hotspot\bin;C:\WINDOWS\system32;C:\WINDOWS;C:\WINDOWS\System32\Wbem;C:\WINDOWS\System32\WindowsPowerShell\v1.0\;C:\WINDOWS\System32\OpenSSH\;C:\Program Files\Microsoft SQL Server\150\Tools\Binn\;C:\Program Files\Microsoft SQL Server\Client SDK\ODBC\170\Tools\Binn\;C:\Program Files\dotnet\;C:\Program Files (x86)\Microsoft SQL Server\160\Tools\Binn\;C:\Program Files\Microsoft SQL Server\160\Tools\Binn\;C:\Program Files\Microsoft SQL Server\160\DTS\Binn\;C:\Program Files (x86)\Microsoft SQL Server\160\DTS\Binn\;C:\Program Files\Azure Data Studio\bin;D:\BAC\Users\HP\Desktop\Git\cmd;C:\Users\STZ\AppData\Local\Microsoft\WindowsApps;C:\Users\STZ\.dotnet\tools;C:\Program Files\Azure Data Studio\bin;C:\Users\STZ\AppData\Local\Programs\Microsoft VS Code\bin;C:\Program Files\Java\jdk-17\bin;
USERNAME=STZ
OS=Windows_NT
PROCESSOR_IDENTIFIER=Intel64 Family 6 Model 142 Stepping 11, GenuineIntel



---------------  S Y S T E M  ---------------

OS:
 Windows 11 , 64 bit Build 22621 (10.0.22621.2428)
OS uptime: 0 days 11:27 hours

CPU: total 4 (initial active 4) (2 cores per cpu, 2 threads per core) family 6 model 142 stepping 11 microcode 0xde, cx8, cmov, fxsr, ht, mmx, 3dnowpref, sse, sse2, sse3, ssse3, sse4.1, sse4.2, popcnt, lzcnt, tsc, tscinvbit, avx, avx2, aes, erms, clmul, bmi1, bmi2, adx, fma, vzeroupper, clflush, clflushopt

Memory: 4k page, system-wide physical 3983M (211M free)
TotalPageFile size 16271M (AvailPageFile size 45M)
current process WorkingSet (physical memory assigned to process): 10M, peak: 10M
current process commit charge ("private bytes"): 51M, peak: 115M

vm_info: Java HotSpot(TM) 64-Bit Server VM (17.0.9+11-LTS-201) for windows-amd64 JRE (17.0.9+11-LTS-201), built on Oct 10 2023 23:16:06 by "mach5one" with MS VC++ 17.1 (VS2022)

END.
